ERROR 2026-03-12 14:45:56,261 log 41376 43276 "GET /admin/core/area/ HTTP/1.1" 500 180924
ERROR 2026-03-12 14:47:09,948 log 53392 52636 "GET /admin/core/area/ HTTP/1.1" 500 180924
ERROR 2026-03-12 15:03:19,117 log 19636 54204 "GET /admin/core/area/add/ HTTP/1.1" 500 191122
ERROR 2026-03-12 15:05:57,014 log 19636 11212 "GET /admin/core/source/add/ HTTP/1.1" 500 191863
WARNING 2026-03-13 11:16:07,731 log 10980 30932 "GET /favicon.ico HTTP/1.1" 404 16806
ERROR 2026-03-13 11:16:27,780 log 10980 30932 "GET /admin/core/indicatormetadata/ HTTP/1.1" 500 282060
WARNING 2026-03-13 12:13:58,933 log 24776 12864 Forbidden (CSRF token from POST incorrect.): /admin/login/
WARNING 2026-03-13 12:13:59,004 log 24776 12864 "POST /admin/login/?next=/admin/ HTTP/1.1" 403 16318
ERROR 2026-03-13 12:17:12,982 log 29716 29312 "GET /admin/core/domain/add/ HTTP/1.1" 500 696692
ERROR 2026-03-13 14:58:17,446 log 3536 31284 "POST /admin/core/kilimostatdata/add/ HTTP/1.1" 500 352160
ERROR 2026-03-13 14:59:10,670 log 3536 31284 "POST /admin/core/kilimostatdata/add/ HTTP/1.1" 500 352776
WARNING 2026-03-13 15:04:58,640 log 3536 31284 "GET /api/data/by_area/ HTTP/1.1" 400 25587
WARNING 2026-03-13 15:05:14,375 log 3536 31284 "GET /api/data/by_area/ HTTP/1.1" 400 25587
WARNING 2026-03-13 15:05:17,984 log 3536 31284 "GET /api/data/by_indicator/ HTTP/1.1" 400 25672
ERROR 2026-03-13 15:07:22,872 log 3536 31284 "GET /admin/core/unit/ HTTP/1.1" 500 476107
WARNING 2026-03-13 15:07:52,864 log 3536 31284 "GET /api/unit/ HTTP/1.1" 404 67259
ERROR 2026-03-13 15:08:44,707 log 3536 31284 "GET /admin/core/unit/ HTTP/1.1" 500 476077
ERROR 2026-03-13 21:12:53,676 log 24920 10884 "GET /admin/core/indicator/ HTTP/1.1" 500 244181
ERROR 2026-03-13 21:17:07,333 log 14964 32672 "GET /api/data/ HTTP/1.1" 500 285469
ERROR 2026-03-13 21:17:28,919 log 14964 32672 "GET /admin/core/indicator/ HTTP/1.1" 500 244362
ERROR 2026-03-13 21:17:37,407 log 14964 32672 "GET /admin/core/indicator/ HTTP/1.1" 500 244181
ERROR 2026-03-13 21:19:07,394 log 14964 32672 "GET /api/data/ HTTP/1.1" 500 285334
ERROR 2026-03-13 21:19:10,852 log 14964 32672 "GET /api/data/?area_id=1&indicator_id=1 HTTP/1.1" 500 286197
ERROR 2026-03-13 21:19:25,111 log 14964 32672 "GET /admin/core/indicator/ HTTP/1.1" 500 244336
ERROR 2026-03-13 21:22:35,050 log 24120 21576 "GET /admin/core/indicator/ HTTP/1.1" 500 244182
ERROR 2026-03-13 21:22:58,089 log 24120 32276 "GET /admin/core/unit/ HTTP/1.1" 500 248612
ERROR 2026-03-13 21:23:20,638 log 24120 32276 "GET /admin/core/unit/ HTTP/1.1" 500 248610
ERROR 2026-03-13 21:23:47,540 log 24120 21576 "GET /admin/core/indicator/ HTTP/1.1" 500 244338
ERROR 2026-03-13 21:23:54,450 log 24120 21576 "GET /admin/core/domain/ HTTP/1.1" 500 247555
ERROR 2026-03-13 21:24:33,470 log 24120 21576 "GET /admin/core/unit/ HTTP/1.1" 500 248611
ERROR 2026-03-17 09:57:50,630 log 18672 26532 "GET /api/swagger/?format=openapi HTTP/1.1" 500 274273
WARNING 2026-03-17 09:58:58,327 log 18672 16668 "GET /favicon.ico HTTP/1.1" 404 16806
ERROR 2026-03-17 10:01:22,750 log 15492 14240 "GET /api/swagger/?format=openapi HTTP/1.1" 500 274273
ERROR 2026-03-17 10:07:59,482 log 16736 19392 "GET /api/swagger/?format=openapi HTTP/1.1" 500 274426
WARNING 2026-03-17 10:09:11,698 log 16736 28740 Forbidden (CSRF token from POST incorrect.): /admin/login/
WARNING 2026-03-17 10:09:11,806 log 16736 28740 "POST /admin/login/?next=/admin/ HTTP/1.1" 403 16319
ERROR 2026-03-17 10:09:18,912 log 16736 28740 "GET /api/swagger/?format=openapi HTTP/1.1" 500 274566
ERROR 2026-03-17 10:09:26,485 log 16736 28740 "GET /api/swagger/?format=openapi HTTP/1.1" 500 274566
ERROR 2026-03-17 10:13:02,672 log 23660 15268 "GET /api/swagger/?format=openapi HTTP/1.1" 500 274420
ERROR 2026-03-17 10:13:15,782 log 31800 14732 "GET /api/swagger/?format=openapi HTTP/1.1" 500 274566
WARNING 2026-03-17 10:27:28,020 log 17692 30028 "GET /favicon.ico HTTP/1.1" 404 16806
ERROR 2026-03-17 10:27:31,978 log 17692 30028 "GET /api/swagger/?format=openapi HTTP/1.1" 500 280767
